<?xml version="1.0" encoding="UTF-8"?>
<!-- Generated by org.testng.reporters.JUnitReportReporter -->
<testsuite hostname="DESKTOP-GUHFHNS" failures="0" tests="4" name="com.dsalgo.testcases.TC_Logintest_datadriven" time="15.319" errors="0" timestamp="2022-07-06T12:06:46 EDT" skipped="0">
  <testcase classname="com.dsalgo.testcases.TC_Logintest_datadriven" name="logintest" time="3.209"/>
  <system-out/>
  <testcase classname="com.dsalgo.testcases.TC_Logintest_datadriven" name="logintest" time="3.471"/>
  <system-out/>
  <testcase classname="com.dsalgo.testcases.TC_Logintest_datadriven" name="logintest" time="5.110"/>
  <system-out/>
  <testcase classname="com.dsalgo.testcases.TC_Logintest_datadriven" name="logintest" time="3.529"/>
  <system-out/>
</testsuite> <!-- com.dsalgo.testcases.TC_Logintest_datadriven -->
